<?xml version="1.0" encoding="UTF-8"?>
<testng-results ignored="0" total="2" passed="2" failed="0" skipped="0">
  <reporter-output>
  </reporter-output>
  <suite started-at="2022-11-03T08:20:27 IST" name="Default suite" finished-at="2022-11-03T08:20:27 IST" duration-ms="77">
    <groups>
    </groups>
    <test started-at="2022-11-03T08:20:27 IST" name="Default test" finished-at="2022-11-03T08:20:27 IST" duration-ms="77">
      <class name="com.test.Test1">
        <test-method is-config="true" signature="setUp()[pri:0, instance:com.test.Test1@38cee291]" started-at="2022-11-03T08:20:27 IST" name="setUp" finished-at="2022-11-03T08:20:27 IST" duration-ms="17" status="PASS">
          <reporter-output>
          </reporter-output>
        </test-method> <!-- setUp -->
        <test-method signature="happyPath()[pri:0, instance:com.test.Test1@38cee291]" started-at="2022-11-03T08:20:27 IST" name="happyPath" finished-at="2022-11-03T08:20:27 IST" duration-ms="6" status="PASS">
          <reporter-output>
          </reporter-output>
        </test-method> <!-- happyPath -->
        <test-method is-config="true" signature="close()[pri:0, instance:com.test.Test1@38cee291]" started-at="2022-11-03T08:20:27 IST" name="close" finished-at="2022-11-03T08:20:27 IST" duration-ms="1" status="PASS">
          <reporter-output>
          </reporter-output>
        </test-method> <!-- close -->
        <test-method signature="scenario2()[pri:0, instance:com.test.Test1@38cee291]" started-at="2022-11-03T08:20:27 IST" name="scenario2" finished-at="2022-11-03T08:20:27 IST" duration-ms="1" status="PASS">
          <reporter-output>
          </reporter-output>
        </test-method> <!-- scenario2 -->
        <test-method is-config="true" signature="setUp()[pri:0, instance:com.test.Test1@38cee291]" started-at="2022-11-03T08:20:27 IST" name="setUp" finished-at="2022-11-03T08:20:27 IST" duration-ms="0" status="PASS">
          <reporter-output>
          </reporter-output>
        </test-method> <!-- setUp -->
        <test-method is-config="true" signature="close()[pri:0, instance:com.test.Test1@38cee291]" started-at="2022-11-03T08:20:27 IST" name="close" finished-at="2022-11-03T08:20:27 IST" duration-ms="0" status="PASS">
          <reporter-output>
          </reporter-output>
        </test-method> <!-- close -->
      </class> <!-- com.test.Test1 -->
    </test> <!-- Default test -->
  </suite> <!-- Default suite -->
</testng-results>
