<?xml version="1.0" encoding="UTF-8"?>
<testng-results ignored="0" total="1" passed="1" failed="0" skipped="0">
  <reporter-output>
  </reporter-output>
  <suite started-at="2022-12-30T07:22:27 IST" name="Default suite" finished-at="2022-12-30T07:22:34 IST" duration-ms="6161">
    <groups>
    </groups>
    <test started-at="2022-12-30T07:22:27 IST" name="Default test" finished-at="2022-12-30T07:22:34 IST" duration-ms="6161">
      <class name="com.selenium.cssSelector.DemocssSelector">
        <test-method signature="test()[pri:0, instance:com.selenium.cssSelector.DemocssSelector@32502377]" started-at="2022-12-30T07:22:27 IST" name="test" finished-at="2022-12-30T07:22:33 IST" duration-ms="6115" status="PASS">
          <reporter-output>
          </reporter-output>
        </test-method> <!-- test -->
      </class> <!-- com.selenium.cssSelector.DemocssSelector -->
    </test> <!-- Default test -->
  </suite> <!-- Default suite -->
</testng-results>
